cpanm (App::cpanminus) 1.7041 on perl 5.024000 built for MSWin32-x64-multi-thread
Work directory is C:\ACTIVE~1\data/.cpanm/work/1478625168.3260
You have make C:\ActivePerl\c\bin\dmake.exe
You have LWP 6.15
You have C:\cygwin64\bin\tar.exe, C:\cygwin64\bin\gzip.exe and C:\cygwin64\bin\bzip2.exe
You have C:\cygwin64\bin\unzip.exe
Searching Dancer2 () on cpanmetadb ...
--> Working on Dancer2
Fetching http://www.cpan.org/authors/id/C/CR/CROMEDOME/Dancer2-0.204001.tar.gz
-> OK
Unpacking Dancer2-0.204001.tar.gz
Entering Dancer2-0.204001
Checking configure dependencies from META.json
Checking if you have File::ShareDir::Install 0.06 ... Yes (0.10)
Checking if you have ExtUtils::MakeMaker 7.1101 ... Yes (7.16)
Configuring Dancer2-0.204001
Running Makefile.PL
-> OK
Checking dependencies from MYMETA.json ...
Checking if you have POSIX 0 ... Yes (1.65)
Checking if you have HTTP::Body 0 ... Yes (1.22)
Checking if you have Carp 0 ... Yes (1.40)
Checking if you have IO::Handle 0 ... Yes (1.36)
Checking if you have File::ShareDir 0 ... Yes (1.102)
Checking if you have MooX::Types::MooseLike 0 ... Yes (0.29)
Checking if you have HTTP::Tiny 0 ... Yes (0.058)
Checking if you have Digest::SHA 0 ... Yes (5.95)
Checking if you have HTTP::Headers::Fast 0 ... Yes (0.20)
Checking if you have HTTP::Headers 0 ... Yes (6.11)
Checking if you have Role::Tiny 2.000000 ... Yes (2.000003)
Checking if you have URI::Escape 0 ... Yes (3.31)
Checking if you have HTTP::Cookies 0 ... Yes (6.01)
Checking if you have IPC::Open3 0 ... Yes (1.20)
Checking if you have File::Basename 0 ... Yes (2.85)
Checking if you have Template 0 ... Yes (2.26)
Checking if you have Moo::Role 0 ... Yes (2.001001)
Checking if you have Import::Into 0 ... No
Checking if you have ExtUtils::MakeMaker 0 ... Yes (7.16)
Checking if you have Module::Runtime 0 ... Yes (0.014)
Checking if you have Config::Any 0 ... Yes (0.27)
Checking if you have Exporter::Tiny 0 ... Yes (0.042)
Checking if you have App::Cmd::Setup 0 ... No
Checking if you have Hash::Merge::Simple 0 ... Yes (0.051)
Checking if you have Plack::Middleware::RemoveRedundantBody 0 ... No
Checking if you have Encode 0 ... Yes (2.84)
Checking if you have HTTP::Date 0 ... Yes (6.02)
Checking if you have Test::EOL 0 ... No
Checking if you have JSON::MaybeXS 0 ... Yes (1.003008)
Checking if you have File::Find 0 ... Yes (1.34)
Checking if you have Plack 1.0035 ... Yes (1.0042)
Checking if you have File::Copy 0 ... Yes (2.31)
Checking if you have File::Spec 0 ... Yes (3.63)
Checking if you have Exporter 5.57 ... Yes (5.72)
Checking if you have Template::Tiny 0 ... Yes (1.12)
Checking if you have Test::Builder 0 ... Yes (1.302059)
Checking if you have Moo 2.000000 ... Yes (2.001001)
Checking if you have parent 0 ... Yes (0.234)
Checking if you have Capture::Tiny 0.12 ... Yes (0.36)
Checking if you have YAML 0.86 ... Yes (1.15)
Checking if you have Hash::MultiValue 0 ... Yes (0.16)
Checking if you have List::Util 1.29 ... Yes (1.45)
Checking if you have MIME::Base64 3.13 ... Yes (3.15)
Checking if you have Plack::Middleware::FixMissingBodyInRedirect 0 ... No
Checking if you have Safe::Isa 0 ... No
Checking if you have Test::Fatal 0 ... Yes (0.014)
Checking if you have Return::MultiLevel 0 ... No
Checking if you have File::Path 0 ... Yes (2.12_01)
Checking if you have Test::More 0.92 ... Yes (1.302059)
==> Found dependencies: Import::Into, App::Cmd::Setup, Plack::Middleware::RemoveRedundantBody, Test::EOL, Plack::Middleware::FixMissingBodyInRedirect, Safe::Isa, Return::MultiLevel
Searching Import::Into (0) on cpanmetadb ...
--> Working on Import::Into
Fetching http://www.cpan.org/authors/id/H/HA/HAARG/Import-Into-1.002005.tar.gz
-> OK
Unpacking Import-Into-1.002005.tar.gz
Entering Import-Into-1.002005
Checking configure dependencies from META.json
Checking if you have ExtUtils::MakeMaker 6.58 ... Yes (7.16)
Configuring Import-Into-1.002005
Running Makefile.PL
-> OK
Checking dependencies from MYMETA.json ...
Checking if you have base 0 ... Yes (2.23)
Checking if you have warnings 0 ... Yes (1.36)
Checking if you have Test::More 0 ... Yes (1.302059)
Checking if you have Exporter 0 ... Yes (5.72)
Checking if you have strict 0 ... Yes (1.11)
Checking if you have Module::Runtime 0 ... Yes (0.014)
Building and testing Import-Into-1.002005
-> OK
Successfully installed Import-Into-1.002005
Searching App::Cmd::Setup (0) on cpanmetadb ...
--> Working on App::Cmd::Setup
Fetching http://www.cpan.org/authors/id/R/RJ/RJBS/App-Cmd-0.331.tar.gz
-> OK
Unpacking App-Cmd-0.331.tar.gz
Entering App-Cmd-0.331
Checking configure dependencies from META.json
Checking if you have ExtUtils::MakeMaker 6.58 ... Yes (7.16)
Configuring App-Cmd-0.331
Running Makefile.PL
-> OK
Checking dependencies from MYMETA.json ...
Checking if you have constant 0 ... Yes (1.33)
Checking if you have File::Spec 0 ... Yes (3.63)
Checking if you have Pod::Usage 1.61 ... Yes (1.68)
Checking if you have Text::Abbrev 0 ... Yes (1.02)
Checking if you have base 0 ... Yes (2.23)
Checking if you have Data::OptList 0 ... Yes (0.110)
Checking if you have strict 0 ... Yes (1.11)
Checking if you have IPC::Cmd 0 ... Yes (0.94)
Checking if you have Carp 0 ... Yes (1.40)
Checking if you have Module::Pluggable::Object 0 ... Yes (5.2)
Checking if you have Class::Load 0.06 ... Yes (0.23)
Checking if you have lib 0 ... Yes (0.63)
Checking if you have IO::TieCombine 0 ... No
Checking if you have Getopt::Long::Descriptive 0.084 ... No
Checking if you have Test::Fatal 0 ... Yes (0.014)
Checking if you have ExtUtils::MakeMaker 0 ... Yes (7.16)
Checking if you have Test::More 0.96 ... Yes (1.302059)
Checking if you have Getopt::Long 2.39 ... Yes (2.48)
Checking if you have Sub::Exporter::Util 0 ... Yes (0.987)
Checking if you have File::Basename 0 ... Yes (2.85)
Checking if you have warnings 0 ... Yes (1.36)
Checking if you have Sub::Install 0 ... Yes (0.928)
Checking if you have String::RewritePrefix 0 ... Yes (0.007)
Checking if you have Sub::Exporter 0 ... Yes (0.987)
Checking if you have parent 0 ... Yes (0.234)
Checking if you have Capture::Tiny 0.13 ... Yes (0.36)
Checking if you have Data::Dumper 0 ... Yes (2.160)
==> Found dependencies: IO::TieCombine, Getopt::Long::Descriptive
Searching IO::TieCombine (0) on cpanmetadb ...
--> Working on IO::TieCombine
Fetching http://www.cpan.org/authors/id/R/RJ/RJBS/IO-TieCombine-1.005.tar.gz
-> OK
Unpacking IO-TieCombine-1.005.tar.gz
Entering IO-TieCombine-1.005
Checking configure dependencies from META.json
Checking if you have ExtUtils::MakeMaker 6.58 ... Yes (7.16)
Configuring IO-TieCombine-1.005
Running Makefile.PL
-> OK
Checking dependencies from MYMETA.json ...
Checking if you have warnings 0 ... Yes (1.36)
Checking if you have Carp 0 ... Yes (1.40)
Checking if you have Test::More 0.96 ... Yes (1.302059)
Checking if you have Symbol 0 ... Yes (1.07)
Checking if you have strict 0 ... Yes (1.11)
Checking if you have ExtUtils::MakeMaker 0 ... Yes (7.16)
Checking if you have File::Spec 0 ... Yes (3.63)
Building and testing IO-TieCombine-1.005
-> OK
Successfully installed IO-TieCombine-1.005
Searching Getopt::Long::Descriptive (0.084) on cpanmetadb ...
--> Working on Getopt::Long::Descriptive
Fetching http://www.cpan.org/authors/id/R/RJ/RJBS/Getopt-Long-Descriptive-0.100.tar.gz
-> OK
Unpacking Getopt-Long-Descriptive-0.100.tar.gz
Entering Getopt-Long-Descriptive-0.100
Checking configure dependencies from META.json
Checking if you have ExtUtils::MakeMaker 6.58 ... Yes (7.16)
Configuring Getopt-Long-Descriptive-0.100
Running Makefile.PL
-> OK
Checking dependencies from MYMETA.json ...
Checking if you have overload 0 ... Yes (1.26)
Checking if you have List::Util 0 ... Yes (1.45)
Checking if you have CPAN::Meta::Check 0.011 ... Yes (0.012)
Checking if you have Sub::Exporter 0.972 ... Yes (0.987)
Checking if you have Scalar::Util 0 ... Yes (1.45)
Checking if you have Test::More 0.96 ... Yes (1.302059)
Checking if you have ExtUtils::MakeMaker 0 ... Yes (7.16)
Checking if you have Test::Fatal 0 ... Yes (0.014)
Checking if you have Getopt::Long 2.33 ... Yes (2.48)
Checking if you have File::Basename 0 ... Yes (2.85)
Checking if you have Sub::Exporter::Util 0 ... Yes (0.987)
Checking if you have warnings 0 ... Yes (1.36)
Checking if you have strict 0 ... Yes (1.11)
Checking if you have Carp 0 ... Yes (1.40)
Checking if you have CPAN::Meta::Requirements 0 ... Yes (2.140)
Checking if you have File::Spec 0 ... Yes (3.63)
Checking if you have Params::Validate 0.97 ... Yes (1.24)
Checking if you have Test::Warnings 0.005 ... Yes (0.026)
Building and testing Getopt-Long-Descriptive-0.100
-> OK
Successfully installed Getopt-Long-Descriptive-0.100
Building and testing App-Cmd-0.331
-> OK
Successfully installed App-Cmd-0.331
Searching Plack::Middleware::RemoveRedundantBody (0) on cpanmetadb ...
--> Working on Plack::Middleware::RemoveRedundantBody
Fetching http://www.cpan.org/authors/id/S/SW/SWEETKID/Plack-Middleware-RemoveRedundantBody-0.05.tar.gz
-> OK
Unpacking Plack-Middleware-RemoveRedundantBody-0.05.tar.gz
Entering Plack-Middleware-RemoveRedundantBody-0.05
Checking configure dependencies from META.json
Checking if you have ExtUtils::MakeMaker 6.58 ... Yes (7.16)
Configuring Plack-Middleware-RemoveRedundantBody-0.05
Running Makefile.PL
-> OK
Checking dependencies from MYMETA.json ...
Checking if you have warnings 0 ... Yes (1.36)
Checking if you have HTTP::Request::Common 0 ... Yes (6.11)
Checking if you have Test::More 0 ... Yes (1.302059)
Checking if you have Plack::Test 0 ... Yes (undef)
Checking if you have Plack::Builder 0 ... Yes (undef)
Checking if you have parent 0 ... Yes (0.234)
Checking if you have Plack::Util 0 ... Yes (undef)
Checking if you have Plack::Middleware 0 ... Yes (undef)
Checking if you have strict 0 ... Yes (1.11)
Building and testing Plack-Middleware-RemoveRedundantBody-0.05
-> OK
Successfully installed Plack-Middleware-RemoveRedundantBody-0.05
Searching Test::EOL (0) on cpanmetadb ...
--> Working on Test::EOL
Fetching http://www.cpan.org/authors/id/F/FR/FREW/Test-EOL-1.6.tar.gz
-> OK
Unpacking Test-EOL-1.6.tar.gz
Entering Test-EOL-1.6
Checking configure dependencies from META.json
Checking if you have ExtUtils::MakeMaker 6.58 ... Yes (7.16)
Configuring Test-EOL-1.6
Running Makefile.PL
-> OK
Checking dependencies from MYMETA.json ...
Checking if you have strict 0 ... Yes (1.11)
Checking if you have IO::Handle 0 ... Yes (1.36)
Checking if you have Cwd 0 ... Yes (3.63)
Checking if you have Test::More 0 ... Yes (1.302059)
Checking if you have Test::Builder 0 ... Yes (1.302059)
Checking if you have File::Temp 0 ... Yes (0.2304)
Checking if you have vars 0 ... Yes (1.03)
Checking if you have File::Spec 0 ... Yes (3.63)
Checking if you have ExtUtils::MakeMaker 0 ... Yes (7.16)
Checking if you have FindBin 0 ... Yes (1.51)
Checking if you have File::Find 0 ... Yes (1.34)
Checking if you have warnings 0 ... Yes (1.36)
Checking if you have IPC::Open3 0 ... Yes (1.20)
Building and testing Test-EOL-1.6
-> OK
Successfully installed Test-EOL-1.6
Searching Plack::Middleware::FixMissingBodyInRedirect (0) on cpanmetadb ...
--> Working on Plack::Middleware::FixMissingBodyInRedirect
Fetching http://www.cpan.org/authors/id/S/SW/SWEETKID/Plack-Middleware-FixMissingBodyInRedirect-0.12.tar.gz
-> OK
Unpacking Plack-Middleware-FixMissingBodyInRedirect-0.12.tar.gz
Entering Plack-Middleware-FixMissingBodyInRedirect-0.12
Checking configure dependencies from META.json
Checking if you have ExtUtils::MakeMaker 6.58 ... Yes (7.16)
Configuring Plack-Middleware-FixMissingBodyInRedirect-0.12
Running Makefile.PL
-> OK
Checking dependencies from MYMETA.json ...
Checking if you have HTML::Entities 0 ... Yes (3.69)
Checking if you have Plack::Middleware 0 ... Yes (undef)
Checking if you have Scalar::Util 0 ... Yes (1.45)
Checking if you have Plack::Util 0 ... Yes (undef)
Checking if you have parent 0 ... Yes (0.234)
Checking if you have strict 0 ... Yes (1.11)
Checking if you have warnings 0 ... Yes (1.36)
Checking if you have Plack::Test 0 ... Yes (undef)
Checking if you have Plack::Builder 0 ... Yes (undef)
Checking if you have Test::More 0 ... Yes (1.302059)
Checking if you have ExtUtils::MakeMaker 0 ... Yes (7.16)
Checking if you have HTTP::Request::Common 0 ... Yes (6.11)
Building and testing Plack-Middleware-FixMissingBodyInRedirect-0.12
-> OK
Successfully installed Plack-Middleware-FixMissingBodyInRedirect-0.12
Searching Safe::Isa (0) on cpanmetadb ...
--> Working on Safe::Isa
Fetching http://www.cpan.org/authors/id/H/HA/HAARG/Safe-Isa-1.000006.tar.gz
-> OK
Unpacking Safe-Isa-1.000006.tar.gz
Entering Safe-Isa-1.000006
Checking configure dependencies from META.json
Checking if you have ExtUtils::MakeMaker 6.58 ... Yes (7.16)
Configuring Safe-Isa-1.000006
Running Makefile.PL
-> OK
Checking dependencies from MYMETA.json ...
Checking if you have Exporter 5.57 ... Yes (5.72)
Checking if you have Test::More 0 ... Yes (1.302059)
Checking if you have Scalar::Util 0 ... Yes (1.45)
Building and testing Safe-Isa-1.000006
-> OK
Successfully installed Safe-Isa-1.000006
Searching Return::MultiLevel (0) on cpanmetadb ...
--> Working on Return::MultiLevel
Fetching http://www.cpan.org/authors/id/M/MA/MAUKE/Return-MultiLevel-0.04.tar.gz
-> OK
Unpacking Return-MultiLevel-0.04.tar.gz
Entering Return-MultiLevel-0.04
Checking configure dependencies from META.json
Checking if you have warnings 0 ... Yes (1.36)
Checking if you have strict 0 ... Yes (1.11)
Checking if you have ExtUtils::MakeMaker 6.58 ... Yes (7.16)
Configuring Return-MultiLevel-0.04
Running Makefile.PL
-> OK
Checking dependencies from MYMETA.json ...
Checking if you have parent 0 ... Yes (0.234)
Checking if you have Carp 0 ... Yes (1.40)
Checking if you have strict 0 ... Yes (1.11)
Checking if you have warnings 0 ... Yes (1.36)
Checking if you have Test::More 0 ... Yes (1.302059)
Checking if you have Data::Munge 0.07 ... No
Checking if you have Exporter 0 ... Yes (5.72)
Checking if you have Test::Fatal 0 ... Yes (0.014)
==> Found dependencies: Data::Munge
Searching Data::Munge (0.07) on cpanmetadb ...
--> Working on Data::Munge
Fetching http://www.cpan.org/authors/id/M/MA/MAUKE/Data-Munge-0.096.tar.gz
-> OK
Unpacking Data-Munge-0.096.tar.gz
Entering Data-Munge-0.096
Checking configure dependencies from META.json
Checking if you have File::Find 0 ... Yes (1.34)
Checking if you have warnings 0 ... Yes (1.36)
Checking if you have strict 0 ... Yes (1.11)
Checking if you have ExtUtils::MakeMaker 6.58 ... Yes (7.16)
Checking if you have File::Spec 0 ... Yes (3.63)
Configuring Data-Munge-0.096
Running Makefile.PL
-> OK
Checking dependencies from MYMETA.json ...
Checking if you have Test::More 0 ... Yes (1.302059)
Checking if you have Exporter 0 ... Yes (5.72)
Checking if you have strict 0 ... Yes (1.11)
Checking if you have warnings 0 ... Yes (1.36)
Checking if you have base 0 ... Yes (2.23)
Checking if you have Test::Warnings 0 ... Yes (0.026)
Building and testing Data-Munge-0.096
-> OK
Successfully installed Data-Munge-0.096
Building and testing Return-MultiLevel-0.04
-> OK
Successfully installed Return-MultiLevel-0.04
Building and testing Dancer2-0.204001
-> OK
Successfully installed Dancer2-0.204001
11 distributions installed
